[2020-03-26 17:26:56][DEBUG][ERROR] : [Class App\HttpController\Admin contains 1 abstract method and must therefore be declared abstract or implement the remaining methods (EasySwoole\Http\AbstractInterface\Controller::index) at file:/www/wwwroot/easyswoole/App/HttpController/Admin.php line:9]
[2020-03-26 17:27:04][DEBUG][ERROR] : [Class App\HttpController\Admin contains 1 abstract method and must therefore be declared abstract or implement the remaining methods (EasySwoole\Http\AbstractInterface\Controller::index) at file:/www/wwwroot/easyswoole/App/HttpController/Admin.php line:9]
[2020-03-26 17:27:47][DEBUG][ERROR] : [Class App\HttpController\Admin contains 1 abstract method and must therefore be declared abstract or implement the remaining methods (EasySwoole\Http\AbstractInterface\Controller::index) at file:/www/wwwroot/easyswoole/App/HttpController/Admin.php line:9]
[2020-04-03 11:24:05][DEBUG][ERROR] : [Call to undefined method EasySwoole\Mysqli\QueryBuilder::execBuilder() at file:/www/wwwroot/easyswoole/App/HttpController/Index.php line:33]
[2020-04-03 11:24:45][DEBUG][ERROR] : [Call to undefined method EasySwoole\Mysqli\QueryBuilder::execBuilder() at file:/www/wwwroot/easyswoole/App/HttpController/Index.php line:33]
[2020-04-03 11:24:50][DEBUG][ERROR] : [Call to undefined method EasySwoole\Mysqli\QueryBuilder::execBuilder() at file:/www/wwwroot/easyswoole/App/HttpController/Index.php line:33]
[2020-04-03 11:30:42][DEBUG][ERROR] : [syntax error, unexpected '}' at file:/www/wwwroot/easyswoole/App/HttpController/Index.php line:55]
[2020-04-10 11:45:04][DEBUG][NOTICE] : [Undefined index: table_name at file:/www/wwwroot/easyswoole/App/HttpController/Database/Datatable.php line:80]
[2020-04-10 11:45:59][DEBUG][NOTICE] : [Undefined index: table_name at file:/www/wwwroot/easyswoole/App/HttpController/Database/Datatable.php line:80]
[2020-04-10 13:44:57][DEBUG][NOTICE] : [Undefined index: table_name at file:/www/wwwroot/easyswoole/App/HttpController/Database/Datatable.php line:80]
[2020-04-10 13:44:58][DEBUG][NOTICE] : [Undefined index: table_name at file:/www/wwwroot/easyswoole/App/HttpController/Database/Datatable.php line:80]
[2020-04-10 13:50:37][DEBUG][NOTICE] : [Undefined index: table_name at file:/www/wwwroot/easyswoole/App/HttpController/Database/Datatable.php line:80]
[2020-04-10 13:50:38][DEBUG][NOTICE] : [Undefined index: table_name at file:/www/wwwroot/easyswoole/App/HttpController/Database/Datatable.php line:80]
[2020-04-10 13:50:39][DEBUG][NOTICE] : [Undefined index: table_name at file:/www/wwwroot/easyswoole/App/HttpController/Database/Datatable.php line:80]
[2020-04-10 13:58:36][DEBUG][NOTICE] : [Undefined index: attrs at file:/www/wwwroot/easyswoole/App/HttpController/Database/Datatable.php line:60]
[2020-04-10 13:58:36][DEBUG][WARNING] : [Invalid argument supplied for foreach() at file:/www/wwwroot/easyswoole/App/HttpController/Database/Datatable.php line:60]
[2020-04-10 13:58:36][DEBUG][NOTICE] : [Undefined index: table_name at file:/www/wwwroot/easyswoole/App/HttpController/Database/Datatable.php line:81]
[2020-04-10 13:58:36][DEBUG][ERROR] : [SQLSTATE[42000] [1103] Incorrect table name '' at file:/www/wwwroot/easyswoole/vendor/easyswoole/mysqli/src/Client.php line:94]
[2020-04-10 14:02:43][DEBUG][ERROR] : [SQLSTATE[42S21] [1060] Duplicate column name 'title' at file:/www/wwwroot/easyswoole/vendor/easyswoole/mysqli/src/Client.php line:94]
[2020-04-10 14:03:36][DEBUG][ERROR] : [SQLSTATE[42S21] [1060] Duplicate column name 'title' at file:/www/wwwroot/easyswoole/vendor/easyswoole/mysqli/src/Client.php line:94]
[2020-04-10 14:16:39][DEBUG][NOTICE] : [Undefined index: attrs at file:/www/wwwroot/easyswoole/App/HttpController/Database/Datatable.php line:64]
[2020-04-10 14:16:39][DEBUG][WARNING] : [Invalid argument supplied for foreach() at file:/www/wwwroot/easyswoole/App/HttpController/Database/Datatable.php line:64]
[2020-04-10 14:16:39][DEBUG][NOTICE] : [Undefined index: table_name at file:/www/wwwroot/easyswoole/App/HttpController/Database/Datatable.php line:85]
[2020-04-10 14:21:36][DEBUG][ERROR] : [SQLSTATE[42000] [1102] Incorrect database name '' at file:/www/wwwroot/easyswoole/vendor/easyswoole/mysqli/src/Client.php line:94]
[2020-04-10 14:34:13][DEBUG][WARNING] : [Illegal offset type in isset or empty at file:/www/wwwroot/easyswoole/vendor/easyswoole/http/src/Message/Status.php line:124]
[2020-04-10 14:39:07][DEBUG][ERROR] : [SQLSTATE[42000] [1102] Incorrect database name '' at file:/www/wwwroot/easyswoole/vendor/easyswoole/mysqli/src/Client.php line:94]
